2016-08-31 
16:29
$PROBLEM    PK model
$INPUT      ID TIME DV DROP DROP AMT DROP DROP DROP AGE WT
$DATA      sim_data.csv IGNORE=@
$SUBROUTINE ADVAN1 TRANS2
$PK 

 TVCL  = EXP(THETA(1))*EXP(ETA(1))
 TVV   = EXP(THETA(2))*EXP(ETA(2))
 TM50  = EXP(THETA(3))
 HL    = 0.75
 HILL  = EXP(THETA(4))

 CL    = TVCL*(WT/70)**HL*((AGE**HILL)/(AGE**HILL + TM50**HILL))
 V     = TVV *(WT/70)
  SC    = V

$THETA  (0,1,100) ; TVCL
 (0,3,100) ; TVV
 (0,3.651,1000) ; TM50
 (0,1.5261,10) ; Maturation HILL
$OMEGA  0.05
 0.05
$SIGMA  0.015
 0.0001  FIX
$ERROR 
 IPRED = F
 Y= IPRED*(1+EPS(1))  + EPS(2)

$SIMULATION (9875749) ONLYSIM NSUBPROBLEM=1
$TABLE      ID TIME DV AMT AGE WT FILE=mc_sim_1.tab NOAPPEND NOPRINT
            NOHEADER
;$EST METHOD=1 INTER MAXEVAL=9999 SIG=3 PRINT=5 NOABORT POSTHOC

  
NM-TRAN MESSAGES 
  
License Registered to: Uppsala University
Expiration Date:    14 MAR 2017
Current Date:       31 AUG 2016
Days until program expires : 198
1NONLINEAR MIXED EFFECTS MODEL PROGRAM (NONMEM) VERSION 7.3.0
 ORIGINALLY DEVELOPED BY STUART BEAL, LEWIS SHEINER, AND ALISON BOECKMANN
 CURRENT DEVELOPERS ARE ROBERT BAUER, ICON DEVELOPMENT SOLUTIONS,
 AND ALISON BOECKMANN. IMPLEMENTATION, EFFICIENCY, AND STANDARDIZATION
 PERFORMED BY NOUS INFOSYSTEMS.

 PROBLEM NO.:         1
 PK model
0DATA CHECKOUT RUN:              NO
 DATA SET LOCATED ON UNIT NO.:    2
 THIS UNIT TO BE REWOUND:        NO
 NO. OF DATA RECS IN DATA SET:      600
 NO. OF DATA ITEMS IN DATA SET:   8
 ID DATA ITEM IS DATA ITEM NO.:   1
 DEP VARIABLE IS DATA ITEM NO.:   3
 MDV DATA ITEM IS DATA ITEM NO.:  8
0INDICES PASSED TO SUBROUTINE PRED:
   7   2   4   0   0   0   0   0   0   0   0
0LABELS FOR DATA ITEMS:
 ID TIME DV AMT AGE WT EVID MDV
0FORMAT FOR DATA:
 (2E4.0,E2.0,2E17.0,E5.0,2F2.0)

 TOT. NO. OF OBS RECS:      500
 TOT. NO. OF INDIVIDUALS:    100
0LENGTH OF THETA:   4
0DEFAULT THETA BOUNDARY TEST OMITTED:    NO
0OMEGA HAS SIMPLE DIAGONAL FORM WITH DIMENSION:   2
0DEFAULT OMEGA BOUNDARY TEST OMITTED:    NO
0SIGMA HAS BLOCK FORM:
  1
  0  2
0DEFAULT SIGMA BOUNDARY TEST OMITTED:    NO
0INITIAL ESTIMATE OF THETA:
 LOWER BOUND    INITIAL EST    UPPER BOUND
  0.0000E+00     0.1000E+01     0.1000E+03
  0.0000E+00     0.3000E+01     0.1000E+03
  0.0000E+00     0.3651E+01     0.1000E+04
  0.0000E+00     0.1526E+01     0.1000E+02
0INITIAL ESTIMATE OF OMEGA:
 0.5000E-01
 0.0000E+00   0.5000E-01
0INITIAL ESTIMATE OF SIGMA:
 BLOCK SET NO.   BLOCK                                                                    FIXED
        1                                                                                   NO
                  0.1500E-01
        2                                                                                  YES
                  0.1000E-03
0SIMULATION STEP OMITTED:    NO
 OBJ FUNC EVALUATED:         NO
0SIMULATION RANDOM METHOD SELECTED (RANMETHOD): DEFAULT
 SOURCE   1:
   SEED1:       9875749   SEED2:             0   PSEUDO-NORMAL
 NUMBER OF SUBPROBLEMS:    1
0TABLES STEP OMITTED:    NO
 NO. OF TABLES:           1
 SEED NUMBER (SEED):    11456
 RANMETHOD:
 MC SAMPLES (ESEED):    300
 WRES SQUARE ROOT TYPE:            EIGENVALUE
0-- TABLE   1 --
04 COLUMNS APPENDED:     NO
 PRINTED:                NO
 HEADER:                 NO
 FILE TO BE FORWARDED:   NO
 FORMAT:                S1PE11.4
 LFORMAT:
 RFORMAT:
0USER-CHOSEN ITEMS:
 ID TIME DV AMT AGE WT
1DOUBLE PRECISION PREDPP VERSION 7.3.0

 ONE COMPARTMENT MODEL (ADVAN1)
0MAXIMUM NO. OF BASIC PK PARAMETERS:   2
0BASIC PK PARAMETERS (AFTER TRANSLATION):
   ELIMINATION RATE (K) IS BASIC PK PARAMETER NO.:  1

 TRANSLATOR WILL CONVERT PARAMETERS
 CLEARANCE (CL) AND VOLUME (V) TO K (TRANS2)
0COMPARTMENT ATTRIBUTES
 COMPT. NO.   FUNCTION   INITIAL    ON/OFF      DOSE      DEFAULT    DEFAULT
                         STATUS     ALLOWED    ALLOWED    FOR DOSE   FOR OBS.
    1         CENTRAL      ON         NO         YES        YES        YES
    2         OUTPUT       OFF        YES        NO         NO         NO
1
 ADDITIONAL PK PARAMETERS - ASSIGNMENT OF ROWS IN GG
 COMPT. NO.                             INDICES
              SCALE      BIOAVAIL.   ZERO-ORDER  ZERO-ORDER  ABSORB
                         FRACTION    RATE        DURATION    LAG
    1            3           *           *           *           *
    2            *           -           -           -           -
             - PARAMETER IS NOT ALLOWED FOR THIS MODEL
             * PARAMETER IS NOT SUPPLIED BY PK SUBROUTINE;
               WILL DEFAULT TO ONE IF APPLICABLE
0DATA ITEM INDICES USED BY PRED ARE:
   EVENT ID DATA ITEM IS DATA ITEM NO.:      7
   TIME DATA ITEM IS DATA ITEM NO.:          2
   DOSE AMOUNT DATA ITEM IS DATA ITEM NO.:   4

0PK SUBROUTINE CALLED WITH EVERY EVENT RECORD.
 PK SUBROUTINE NOT CALLED AT NONEVENT (ADDITIONAL OR LAGGED) DOSE TIMES.
0ERROR SUBROUTINE CALLED WITH EVERY EVENT RECORD.
1
 PROBLEM NO.:         1     SUBPROBLEM NO.:      1

 SIMULATION STEP PERFORMED
 SOURCE  1:
    SEED1:    1538970502   SEED2:             0
 ESTIMATION STEP OMITTED:                 YES 
 #CPUT: Total CPU Time in Seconds,        0.125
Stop Time: 
2016-08-31 
16:29
