2015-05-20 
17:06
$PROBLEM    PK model
$INPUT      ID TIME DV AMT AGE WT
$DATA       est.dat IGNORE=@
$SUBROUTINE ADVAN1 TRANS2
$PK 

 TVCL  = THETA(1) + ETA(1)
 TVV   = THETA(2) + ETA(2)
 TM50  = THETA(3)
 HL    = 0.75;THETA(4)

 LCL    = TVCL+LOG(WT/70)*HL+LOG((AGE)/(AGE + TM50))
 LV     = TVV +LOG((WT/70))
 CL = EXP(LCL)
 V = EXP(LV)
 SC    = V

$ERROR 
 IPRED = F
 Y= IPRED*(1+EPS(1)) + EPS(2)

;$SIM (1000) ONLYSIM NSUBPROBLEM=1
;$TABLE ID TIME DV AMT FILE=outA.tab NOAPPEND NOPRINT NOHEADER
$THETA  (0,1,100) ; TVCL
 (0,3,100) ; TVV
 (0,150,500) ; TM50
;(0,1.245)            ; HL
$OMEGA  0.05
 0.05
$SIGMA  0.015
 0.0001  FIX
$ESTIMATION METHOD=1 INTER MAXEVAL=0 SIG=3 PRINT=5 NOABORT POSTHOC
$COVARIANCE UNCONDITIONAL
;$COV MATRIX=S UNCONDITIONAL

  
NM-TRAN MESSAGES 
  
License Registered to: Uppsala University
Expiration Date:    14 MAR 2016
Current Date:       20 MAY 2015
Days until program expires : 299
1NONLINEAR MIXED EFFECTS MODEL PROGRAM (NONMEM) VERSION 7.3.0
 ORIGINALLY DEVELOPED BY STUART BEAL, LEWIS SHEINER, AND ALISON BOECKMANN
 CURRENT DEVELOPERS ARE ROBERT BAUER, ICON DEVELOPMENT SOLUTIONS,
 AND ALISON BOECKMANN. IMPLEMENTATION, EFFICIENCY, AND STANDARDIZATION
 PERFORMED BY NOUS INFOSYSTEMS.

 PROBLEM NO.:         1
 PK model
0DATA CHECKOUT RUN:              NO
 DATA SET LOCATED ON UNIT NO.:    2
 THIS UNIT TO BE REWOUND:        NO
 NO. OF DATA RECS IN DATA SET:      654
 NO. OF DATA ITEMS IN DATA SET:   8
 ID DATA ITEM IS DATA ITEM NO.:   1
 DEP VARIABLE IS DATA ITEM NO.:   3
 MDV DATA ITEM IS DATA ITEM NO.:  8
0INDICES PASSED TO SUBROUTINE PRED:
   7   2   4   0   0   0   0   0   0   0   0
0LABELS FOR DATA ITEMS:
 ID TIME DV AMT AGE WT EVID MDV
0FORMAT FOR DATA:
 (6E11.0,2F2.0)

 TOT. NO. OF OBS RECS:      545
 TOT. NO. OF INDIVIDUALS:    109
0LENGTH OF THETA:   3
0DEFAULT THETA BOUNDARY TEST OMITTED:    NO
0OMEGA HAS SIMPLE DIAGONAL FORM WITH DIMENSION:   2
0DEFAULT OMEGA BOUNDARY TEST OMITTED:    NO
0SIGMA HAS BLOCK FORM:
  1
  0  2
0DEFAULT SIGMA BOUNDARY TEST OMITTED:    NO
0INITIAL ESTIMATE OF THETA:
 LOWER BOUND    INITIAL EST    UPPER BOUND
  0.0000E+00     0.1000E+01     0.1000E+03
  0.0000E+00     0.3000E+01     0.1000E+03
  0.0000E+00     0.1500E+03     0.5000E+03
0INITIAL ESTIMATE OF OMEGA:
 0.5000E-01
 0.0000E+00   0.5000E-01
0INITIAL ESTIMATE OF SIGMA:
 BLOCK SET NO.   BLOCK                                                                    FIXED
        1                                                                                   NO
                  0.1500E-01
        2                                                                                  YES
                  0.1000E-03
0COVARIANCE STEP OMITTED:        NO
 EIGENVLS. PRINTED:              NO
 SPECIAL COMPUTATION:            NO
 COMPRESSED FORMAT:              NO
1DOUBLE PRECISION PREDPP VERSION 7.3.0

 ONE COMPARTMENT MODEL (ADVAN1)
0MAXIMUM NO. OF BASIC PK PARAMETERS:   2
0BASIC PK PARAMETERS (AFTER TRANSLATION):
   ELIMINATION RATE (K) IS BASIC PK PARAMETER NO.:  1

 TRANSLATOR WILL CONVERT PARAMETERS
 CLEARANCE (CL) AND VOLUME (V) TO K (TRANS2)
0COMPARTMENT ATTRIBUTES
 COMPT. NO.   FUNCTION   INITIAL    ON/OFF      DOSE      DEFAULT    DEFAULT
                         STATUS     ALLOWED    ALLOWED    FOR DOSE   FOR OBS.
    1         CENTRAL      ON         NO         YES        YES        YES
    2         OUTPUT       OFF        YES        NO         NO         NO
1
 ADDITIONAL PK PARAMETERS - ASSIGNMENT OF ROWS IN GG
 COMPT. NO.                             INDICES
              SCALE      BIOAVAIL.   ZERO-ORDER  ZERO-ORDER  ABSORB
                         FRACTION    RATE        DURATION    LAG
    1            3           *           *           *           *
    2            *           -           -           -           -
             - PARAMETER IS NOT ALLOWED FOR THIS MODEL
             * PARAMETER IS NOT SUPPLIED BY PK SUBROUTINE;
               WILL DEFAULT TO ONE IF APPLICABLE
0DATA ITEM INDICES USED BY PRED ARE:
   EVENT ID DATA ITEM IS DATA ITEM NO.:      7
   TIME DATA ITEM IS DATA ITEM NO.:          2
   DOSE AMOUNT DATA ITEM IS DATA ITEM NO.:   4

0PK SUBROUTINE CALLED WITH EVERY EVENT RECORD.
 PK SUBROUTINE NOT CALLED AT NONEVENT (ADDITIONAL OR LAGGED) DOSE TIMES.
0ERROR SUBROUTINE CALLED WITH EVERY EVENT RECORD.
1


 #TBLN:      1
 #METH: First Order Conditional Estimation with Interaction (Evaluation)

 ESTIMATION STEP OMITTED:                 YES 
 ANALYSIS TYPE:                           POPULATION
 CONDITIONAL ESTIMATES USED:              YES 
 CENTERED ETA:                            NO  
 EPS-ETA INTERACTION:                     YES 
 LAPLACIAN OBJ. FUNC.:                    NO  
 NUMERICAL DERIVATIVE 
       FILE REQUEST (NUMDER):             NONE
 MAP (ETAHAT) ESTIMATION METHOD (OPTMAP): 0           
 ETA HESSIAN EVALUATION METHOD (ETADER):  0           
 INITIAL ETA FOR MAP ESTIMATION (MCETA):  0           
 SIGDIGITS FOR MAP ESTIMATION (SIGLO):    100         
 GRADIENT SIGDIGITS OF 
       FIXED EFFECTS PARAMETERS (SIGL):   100         
 EXCLUDE TITLE (NOTITLE):                 NO 
 EXCLUDE COLUMN LABELS (NOLABEL):         NO 
 NOPRIOR SETTING (NOPRIOR):               OFF
 NOCOV SETTING (NOCOV):                   OFF
 DERCONT SETTING (DERCONT):               OFF
 ABSOLUTE TOLERANCE-ADVAN 9,13 ONLY(ATOL):-100        
 FINAL ETA RE-EVALUATION (FNLETA):        ON 
 EXCLUDE NON-INFLUENTIAL (NON-INFL.) ETAS 
       IN SHRINKAGE (ETASTYPE):           NO 
 NON-INFL. ETA CORRECTION (NONINFETA):    OFF
 FORMAT FOR ADDITIONAL FILES (FORMAT):    S1PE12.5
 PARAMETER ORDER FOR OUTPUTS (ORDER):     TSOL
 ADDITIONAL CONVERGENCE TEST (CTYPE=4)?:  NO
 EM OR BAYESIAN METHOD USED:                NONE


 THE FOLLOWING LABELS ARE EQUIVALENT
 PRED=PREDI
 RES=RESI
 WRES=WRESI
 IWRS=IWRESI
 IPRD=IPREDI
 IRS=IRESI

0R MATRIX ALGORITHMICALLY SINGULAR
 AND ALGORITHMICALLY NON-POSITIVE-SEMIDEFINITE
0R MATRIX IS OUTPUT
0COVARIANCE STEP ABORTED
 Elapsed covariance time in seconds:     1.86
1
 
 
 
 
 
 
 
 
 
 
 
 
 
 
 
 
 
 
 
 
 ************************************************************************************************************************
 ********************                                                                                ********************
 ********************         FIRST ORDER CONDITIONAL ESTIMATION WITH INTERACTION (EVALUATION)       ********************
 #OBJT:**************                       MINIMUM VALUE OF OBJECTIVE FUNCTION                      ********************
 ********************                                                                                ********************
 ************************************************************************************************************************
 





 #OBJV:********************************************     1945.880       **************************************************
1
 ************************************************************************************************************************
 ********************                                                                                ********************
 ********************         FIRST ORDER CONDITIONAL ESTIMATION WITH INTERACTION (EVALUATION)       ********************
 ********************                             FINAL PARAMETER ESTIMATE                           ********************
 ********************                                                                                ********************
 ************************************************************************************************************************
 


 THETA - VECTOR OF FIXED EFFECTS PARAMETERS   *********


         TH 1      TH 2      TH 3     
 
         1.00E+00  3.00E+00  1.50E+02
 


 OMEGA - COV MATRIX FOR RANDOM EFFECTS - ETAS  ********


            ETA1      ETA2   
 
 ETA1
+        5.00E-02
 
 ETA2
+        0.00E+00  5.00E-02
 


 SIGMA - COV MATRIX FOR RANDOM EFFECTS - EPSILONS  ****


            EPS1      EPS2   
 
 EPS1
+        1.50E-02
 
 EPS2
+        0.00E+00  1.00E-04
 
1


 OMEGA - CORR MATRIX FOR RANDOM EFFECTS - ETAS  *******


            ETA1      ETA2   
 
 ETA1
+        2.24E-01
 
 ETA2
+        0.00E+00  2.24E-01
 


 SIGMA - CORR MATRIX FOR RANDOM EFFECTS - EPSILONS  ***


            EPS1      EPS2   
 
 EPS1
+        1.22E-01
 
 EPS2
+        0.00E+00  1.00E-02
 
1
 ************************************************************************************************************************
 ********************                                                                                ********************
 ********************         FIRST ORDER CONDITIONAL ESTIMATION WITH INTERACTION (EVALUATION)       ********************
 ********************                                     R MATRIX                                   ********************
 ********************                                                                                ********************
 ************************************************************************************************************************
 

            TH 1      TH 2      TH 3      OM11      OM12      OM22      SG11      SG12      SG22  
 
 TH 1
+        2.04E+03
 
 TH 2
+       -1.06E+02  1.94E+03
 
 TH 3
+       -1.51E+00  7.50E-02  1.10E-03
 
 OM11
+        3.69E+02 -1.66E+02 -3.70E-01  2.11E+04
 
 OM12
+       ......... ......... ......... ......... .........
 
 OM22
+        5.03E+01  4.66E+02 -3.22E-02  5.17E+01 .........  1.62E+04
 
 SG11
+       -1.96E+03 -1.29E+03  1.36E+00  4.43E+03 .........  4.36E+03  7.02E+05
 
 SG12
+       ......... ......... ......... ......... ......... ......... ......... .........
 
 SG22
+       ......... ......... ......... ......... ......... ......... ......... ......... .........
 
 #CPUT: Total CPU Time in Seconds,        1.763
Stop Time: 
2015-05-20 
17:07
This file was created using C:\nm730/run/nmfe73.bat
Started  Wed May 20 17:06:54 2015
Finished Wed May 20 17:07:06 2015
